{"numTotalTestSuites":15,"numPassedTestSuites":15,"numFailedTestSuites":0,"numPendingTestSuites":0,"numTotalTests":39,"numPassedTests":39,"numFailedTests":0,"numPendingTests":0,"numTodoTests":0,"snapshot":{"added":0,"failure":false,"filesAdded":0,"filesRemoved":0,"filesRemovedList":[],"filesUnmatched":0,"filesUpdated":0,"matched":0,"total":0,"unchecked":0,"uncheckedKeysByFile":[],"unmatched":0,"updated":0,"didUpdate":false},"startTime":1784245962339,"success":true,"testResults":[{"assertionResults":[{"ancestorTitles":["API Client Mappers","Account Type Mappers"],"fullName":"API Client Mappers Account Type Mappers should map account types to backend integers correctly","status":"passed","title":"should map account types to backend integers correctly","duration":3.227771000000075,"failureMessages":[],"meta":{},"tags":[]},{"ancestorTitles":["API Client Mappers","Account Type Mappers"],"fullName":"API Client Mappers Account Type Mappers should map backend integers to frontend account types correctly","status":"passed","title":"should map backend integers to frontend account types correctly","duration":0.46110799999996743,"failureMessages":[],"meta":{},"tags":[]},{"ancestorTitles":["API Client Mappers","Transaction Type Mappers"],"fullName":"API Client Mappers Transaction Type Mappers should map transaction types to backend integers correctly","status":"passed","title":"should map transaction types to backend integers correctly","duration":0.36396799999988616,"failureMessages":[],"meta":{},"tags":[]},{"ancestorTitles":["API Client Mappers","Transaction Type Mappers"],"fullName":"API Client Mappers Transaction Type Mappers should map backend integers to frontend transaction types correctly","status":"passed","title":"should map backend integers to frontend transaction types correctly","duration":0.30932400000006055,"failureMessages":[],"meta":{},"tags":[]},{"ancestorTitles":["API Client Mappers","Asset Class Mappers"],"fullName":"API Client Mappers Asset Class Mappers should map asset classes to backend integers correctly","status":"passed","title":"should map asset classes to backend integers correctly","duration":0.5834800000000087,"failureMessages":[],"meta":{},"tags":[]},{"ancestorTitles":["API Client Mappers","Asset Class Mappers"],"fullName":"API Client Mappers Asset Class Mappers should map backend integers to frontend asset classes correctly","status":"passed","title":"should map backend integers to frontend asset classes correctly","duration":0.41130199999997785,"failureMessages":[],"meta":{},"tags":[]},{"ancestorTitles":["API Client Mappers","Asset Event Type Mappers"],"fullName":"API Client Mappers Asset Event Type Mappers should map asset event types to backend integers correctly","status":"passed","title":"should map asset event types to backend integers correctly","duration":0.3843409999999494,"failureMessages":[],"meta":{},"tags":[]},{"ancestorTitles":["API Client Mappers","Asset Event Type Mappers"],"fullName":"API Client Mappers Asset Event Type Mappers should map backend integers to frontend asset event types correctly","status":"passed","title":"should map backend integers to frontend asset event types correctly","duration":0.38197200000013254,"failureMessages":[],"meta":{},"tags":[]},{"ancestorTitles":["API Client Mappers","Recurrence Frequency Mappers"],"fullName":"API Client Mappers Recurrence Frequency Mappers should map frequencies to backend integers correctly","status":"passed","title":"should map frequencies to backend integers correctly","duration":0.3098139999999603,"failureMessages":[],"meta":{},"tags":[]},{"ancestorTitles":["API Client Mappers","Recurrence Frequency Mappers"],"fullName":"API Client Mappers Recurrence Frequency Mappers should map backend integers to frontend frequencies correctly","status":"passed","title":"should map backend integers to frontend frequencies correctly","duration":0.31856200000015633,"failureMessages":[],"meta":{},"tags":[]},{"ancestorTitles":["API Client Mappers","Data Transfer Object (DTO) Frontend Mappers"],"fullName":"API Client Mappers Data Transfer Object (DTO) Frontend Mappers should map account DTO to frontend model correctly","status":"passed","title":"should map account DTO to frontend model correctly","duration":1.900002000000086,"failureMessages":[],"meta":{},"tags":[]},{"ancestorTitles":["API Client Mappers","Data Transfer Object (DTO) Frontend Mappers"],"fullName":"API Client Mappers Data Transfer Object (DTO) Frontend Mappers should fallback to initialBalance or zero if currentBalance is not specified","status":"passed","title":"should fallback to initialBalance or zero if currentBalance is not specified","duration":0.2958089999999629,"failureMessages":[],"meta":{},"tags":[]},{"ancestorTitles":["API Client Mappers","Data Transfer Object (DTO) Frontend Mappers"],"fullName":"API Client Mappers Data Transfer Object (DTO) Frontend Mappers should map category DTO to frontend model correctly","status":"passed","title":"should map category DTO to frontend model correctly","duration":0.30905399999983274,"failureMessages":[],"meta":{},"tags":[]},{"ancestorTitles":["API Client Mappers","Data Transfer Object (DTO) Frontend Mappers"],"fullName":"API Client Mappers Data Transfer Object (DTO) Frontend Mappers should map asset position DTO to frontend model correctly","status":"passed","title":"should map asset position DTO to frontend model correctly","duration":0.37503400000014153,"failureMessages":[],"meta":{},"tags":[]},{"ancestorTitles":["API Client Mappers","Data Transfer Object (DTO) Frontend Mappers"],"fullName":"API Client Mappers Data Transfer Object (DTO) Frontend Mappers should handle totalInvested zero or missing gracefully","status":"passed","title":"should handle totalInvested zero or missing gracefully","duration":0.2567199999998593,"failureMessages":[],"meta":{},"tags":[]},{"ancestorTitles":["API Client Mappers","Data Transfer Object (DTO) Frontend Mappers"],"fullName":"API Client Mappers Data Transfer Object (DTO) Frontend Mappers should map asset event DTO to frontend model correctly","status":"passed","title":"should map asset event DTO to frontend model correctly","duration":0.3102039999998851,"failureMessages":[],"meta":{},"tags":[]},{"ancestorTitles":["API Client Mappers","Data Transfer Object (DTO) Frontend Mappers"],"fullName":"API Client Mappers Data Transfer Object (DTO) Frontend Mappers should map savings goal DTO to frontend model correctly","status":"passed","title":"should map savings goal DTO to frontend model correctly","duration":0.27799400000003516,"failureMessages":[],"meta":{},"tags":[]},{"ancestorTitles":["API Client Mappers","Data Transfer Object (DTO) Frontend Mappers"],"fullName":"API Client Mappers Data Transfer Object (DTO) Frontend Mappers should map recurrence rule DTO to frontend model correctly","status":"passed","title":"should map recurrence rule DTO to frontend model correctly","duration":0.3255990000000111,"failureMessages":[],"meta":{},"tags":[]},{"ancestorTitles":["API Client Mappers","API Client Configurations and Request wrapper"],"fullName":"API Client Mappers API Client Configurations and Request wrapper should return false for isApiConfigured when local storage is empty","status":"passed","title":"should return false for isApiConfigured when local storage is empty","duration":3.0322020000000975,"failureMessages":[],"meta":{},"tags":[]},{"ancestorTitles":["API Client Mappers","API Client Configurations and Request wrapper"],"fullName":"API Client Mappers API Client Configurations and Request wrapper should return true for isApiConfigured when local storage has url and key","status":"passed","title":"should return true for isApiConfigured when local storage has url and key","duration":0.7734909999999218,"failureMessages":[],"meta":{},"tags":[]},{"ancestorTitles":["API Client Mappers","API Client Configurations and Request wrapper"],"fullName":"API Client Mappers API Client Configurations and Request wrapper should throw error in apiRequest when not configured","status":"passed","title":"should throw error in apiRequest when not configured","duration":3.478153999999904,"failureMessages":[],"meta":{},"tags":[]},{"ancestorTitles":["API Client Mappers","API Client Configurations and Request wrapper"],"fullName":"API Client Mappers API Client Configurations and Request wrapper should fetch successfully and parse json data","status":"passed","title":"should fetch successfully and parse json data","duration":2.578591999999844,"failureMessages":[],"meta":{},"tags":[]},{"ancestorTitles":["API Client Mappers","API Client Configurations and Request wrapper"],"fullName":"API Client Mappers API Client Configurations and Request wrapper should return empty object on 204 No Content status","status":"passed","title":"should return empty object on 204 No Content status","duration":0.4504699999999957,"failureMessages":[],"meta":{},"tags":[]},{"ancestorTitles":["API Client Mappers","API Client Configurations and Request wrapper"],"fullName":"API Client Mappers API Client Configurations and Request wrapper should handle error with structured detail or title error message","status":"passed","title":"should handle error with structured detail or title error message","duration":0.5866779999998926,"failureMessages":[],"meta":{},"tags":[]},{"ancestorTitles":["API Client Mappers","API Client Configurations and Request wrapper"],"fullName":"API Client Mappers API Client Configurations and Request wrapper should handle error fallback to statusText if json fails to parse","status":"passed","title":"should handle error fallback to statusText if json fails to parse","duration":0.735932000000048,"failureMessages":[],"meta":{},"tags":[]}],"startTime":1784245964113,"endTime":1784245964135.7358,"status":"passed","message":"","name":"/app/applet/tests/apiClient.test.ts"},{"assertionResults":[{"ancestorTitles":["Formatting Utilities","formatCurrency"],"fullName":"Formatting Utilities formatCurrency should format EUR correctly","status":"passed","title":"should format EUR correctly","duration":19.89473399999997,"failureMessages":[],"meta":{},"tags":[]},{"ancestorTitles":["Formatting Utilities","formatCurrency"],"fullName":"Formatting Utilities formatCurrency should format USD correctly","status":"passed","title":"should format USD correctly","duration":0.43094799999994393,"failureMessages":[],"meta":{},"tags":[]},{"ancestorTitles":["Formatting Utilities","formatCurrency"],"fullName":"Formatting Utilities formatCurrency should format BRL correctly","status":"passed","title":"should format BRL correctly","duration":0.5306640000001153,"failureMessages":[],"meta":{},"tags":[]},{"ancestorTitles":["Formatting Utilities","formatCurrency"],"fullName":"Formatting Utilities formatCurrency should fallback to en-US for unknown currencies","status":"passed","title":"should fallback to en-US for unknown currencies","duration":0.35093000000006214,"failureMessages":[],"meta":{},"tags":[]},{"ancestorTitles":["Formatting Utilities","formatPercent"],"fullName":"Formatting Utilities formatPercent should add a plus sign for positive values","status":"passed","title":"should add a plus sign for positive values","duration":0.438656999999921,"failureMessages":[],"meta":{},"tags":[]},{"ancestorTitles":["Formatting Utilities","formatPercent"],"fullName":"Formatting Utilities formatPercent should format negative values correctly without double signs","status":"passed","title":"should format negative values correctly without double signs","duration":0.19328399999994872,"failureMessages":[],"meta":{},"tags":[]},{"ancestorTitles":["Formatting Utilities","formatPercent"],"fullName":"Formatting Utilities formatPercent should handle zero correctly","status":"passed","title":"should handle zero correctly","duration":0.1824250000001939,"failureMessages":[],"meta":{},"tags":[]},{"ancestorTitles":["Formatting Utilities","formatDate"],"fullName":"Formatting Utilities formatDate should return empty string for empty input","status":"passed","title":"should return empty string for empty input","duration":0.38748899999995956,"failureMessages":[],"meta":{},"tags":[]},{"ancestorTitles":["Formatting Utilities","formatDate"],"fullName":"Formatting Utilities formatDate should return original string for invalid date format","status":"passed","title":"should return original string for invalid date format","duration":0.22838300000012168,"failureMessages":[],"meta":{},"tags":[]},{"ancestorTitles":["Formatting Utilities","formatDate"],"fullName":"Formatting Utilities formatDate should format valid dates correctly","status":"passed","title":"should format valid dates correctly","duration":6.209440000000086,"failureMessages":[],"meta":{},"tags":[]},{"ancestorTitles":["Formatting Utilities","formatDate"],"fullName":"Formatting Utilities formatDate should fall back to en-US if navigator is undefined","status":"passed","title":"should fall back to en-US if navigator is undefined","duration":0.6567809999999099,"failureMessages":[],"meta":{},"tags":[]},{"ancestorTitles":["Formatting Utilities","formatMonth"],"fullName":"Formatting Utilities formatMonth should return empty string for empty input","status":"passed","title":"should return empty string for empty input","duration":1.0902979999998479,"failureMessages":[],"meta":{},"tags":[]},{"ancestorTitles":["Formatting Utilities","formatMonth"],"fullName":"Formatting Utilities formatMonth should format month-year string correctly","status":"passed","title":"should format month-year string correctly","duration":0.6933500000000095,"failureMessages":[],"meta":{},"tags":[]},{"ancestorTitles":["Formatting Utilities","formatMonth"],"fullName":"Formatting Utilities formatMonth should fall back to en-US if navigator is undefined","status":"passed","title":"should fall back to en-US if navigator is undefined","duration":0.41424800000004325,"failureMessages":[],"meta":{},"tags":[]}],"startTime":1784245965811,"endTime":1784245965843.6934,"status":"passed","message":"","name":"/app/applet/tests/format.test.ts"}],"coverageMap":{"/app/applet/src/utils/format.ts":{"path":"/app/applet/src/utils/format.ts","statementMap":{"0":{"start":{"line":5,"column":30},"end":{"line":20,"column":null}},"1":{"start":{"line":6,"column":44},"end":{"line":10,"column":null}},"2":{"start":{"line":12,"column":17},"end":{"line":12,"column":null}},"3":{"start":{"line":14,"column":2},"end":{"line":19,"column":null}},"4":{"start":{"line":22,"column":29},"end":{"line":25,"column":null}},"5":{"start":{"line":23,"column":15},"end":{"line":23,"column":null}},"6":{"start":{"line":24,"column":2},"end":{"line":24,"column":null}},"7":{"start":{"line":27,"column":26},"end":{"line":37,"column":null}},"8":{"start":{"line":28,"column":2},"end":{"line":28,"column":null}},"9":{"start":{"line":28,"column":19},"end":{"line":28,"column":null}},"10":{"start":{"line":29,"column":15},"end":{"line":29,"column":null}},"11":{"start":{"line":30,"column":2},"end":{"line":30,"column":null}},"12":{"start":{"line":30,"column":29},"end":{"line":30,"column":null}},"13":{"start":{"line":31,"column":17},"end":{"line":31,"column":null}},"14":{"start":{"line":32,"column":2},"end":{"line":36,"column":null}},"15":{"start":{"line":39,"column":27},"end":{"line":48,"column":null}},"16":{"start":{"line":40,"column":2},"end":{"line":40,"column":null}},"17":{"start":{"line":40,"column":20},"end":{"line":40,"column":null}},"18":{"start":{"line":41,"column":24},"end":{"line":41,"column":null}},"19":{"start":{"line":42,"column":15},"end":{"line":42,"column":null}},"20":{"start":{"line":43,"column":17},"end":{"line":43,"column":null}},"21":{"start":{"line":44,"column":2},"end":{"line":47,"column":null}}},"fnMap":{"0":{"name":"(anonymous_0)","decl":{"start":{"line":5,"column":30},"end":{"line":5,"column":31}},"loc":{"start":{"line":5,"column":84},"end":{"line":20,"column":null}},"line":5},"1":{"name":"(anonymous_1)","decl":{"start":{"line":22,"column":29},"end":{"line":22,"column":30}},"loc":{"start":{"line":22,"column":56},"end":{"line":25,"column":null}},"line":22},"2":{"name":"(anonymous_2)","decl":{"start":{"line":27,"column":26},"end":{"line":27,"column":27}},"loc":{"start":{"line":27,"column":58},"end":{"line":37,"column":null}},"line":27},"3":{"name":"(anonymous_3)","decl":{"start":{"line":39,"column":27},"end":{"line":39,"column":28}},"loc":{"start":{"line":39,"column":60},"end":{"line":48,"column":null}},"line":39}},"branchMap":{"0":{"loc":{"start":{"line":5,"column":47},"end":{"line":5,"column":84}},"type":"default-arg","locations":[{"start":{"line":5,"column":66},"end":{"line":5,"column":84}}],"line":5},"1":{"loc":{"start":{"line":12,"column":17},"end":{"line":12,"column":null}},"type":"binary-expr","locations":[{"start":{"line":12,"column":17},"end":{"line":12,"column":54}},{"start":{"line":12,"column":54},"end":{"line":12,"column":null}}],"line":12},"2":{"loc":{"start":{"line":23,"column":15},"end":{"line":23,"column":null}},"type":"cond-expr","locations":[{"start":{"line":23,"column":27},"end":{"line":23,"column":33}},{"start":{"line":23,"column":33},"end":{"line":23,"column":null}}],"line":23},"3":{"loc":{"start":{"line":28,"column":2},"end":{"line":28,"column":null}},"type":"if","locations":[{"start":{"line":28,"column":2},"end":{"line":28,"column":null}},{"start":{},"end":{}}],"line":28},"4":{"loc":{"start":{"line":30,"column":2},"end":{"line":30,"column":null}},"type":"if","locations":[{"start":{"line":30,"column":2},"end":{"line":30,"column":null}},{"start":{},"end":{}}],"line":30},"5":{"loc":{"start":{"line":31,"column":17},"end":{"line":31,"column":null}},"type":"cond-expr","locations":[{"start":{"line":31,"column":53},"end":{"line":31,"column":86}},{"start":{"line":31,"column":86},"end":{"line":31,"column":null}}],"line":31},"6":{"loc":{"start":{"line":31,"column":53},"end":{"line":31,"column":86}},"type":"binary-expr","locations":[{"start":{"line":31,"column":53},"end":{"line":31,"column":75}},{"start":{"line":31,"column":75},"end":{"line":31,"column":86}}],"line":31},"7":{"loc":{"start":{"line":40,"column":2},"end":{"line":40,"column":null}},"type":"if","locations":[{"start":{"line":40,"column":2},"end":{"line":40,"column":null}},{"start":{},"end":{}}],"line":40},"8":{"loc":{"start":{"line":43,"column":17},"end":{"line":43,"column":null}},"type":"cond-expr","locations":[{"start":{"line":43,"column":53},"end":{"line":43,"column":86}},{"start":{"line":43,"column":86},"end":{"line":43,"column":null}}],"line":43},"9":{"loc":{"start":{"line":43,"column":53},"end":{"line":43,"column":86}},"type":"binary-expr","locations":[{"start":{"line":43,"column":53},"end":{"line":43,"column":75}},{"start":{"line":43,"column":75},"end":{"line":43,"column":86}}],"line":43}},"s":{"0":1,"1":4,"2":4,"3":4,"4":1,"5":4,"6":4,"7":1,"8":4,"9":1,"10":3,"11":3,"12":1,"13":2,"14":4,"15":1,"16":3,"17":1,"18":2,"19":2,"20":2,"21":3},"f":{"0":4,"1":4,"2":4,"3":3},"b":{"0":[4],"1":[4,1],"2":[2,2],"3":[1,3],"4":[1,2],"5":[1,1],"6":[1,0],"7":[1,2],"8":[1,1],"9":[1,0]},"meta":{"lastBranch":10,"lastFunction":4,"lastStatement":22,"seen":{"s:5:30:20:Infinity":0,"f:5:30:5:31":0,"b:5:66:5:84":0,"s:6:44:10:Infinity":1,"s:12:17:12:Infinity":2,"b:12:17:12:54:12:54:12:Infinity":1,"s:14:2:19:Infinity":3,"s:22:29:25:Infinity":4,"f:22:29:22:30":1,"s:23:15:23:Infinity":5,"b:23:27:23:33:23:33:23:Infinity":2,"s:24:2:24:Infinity":6,"s:27:26:37:Infinity":7,"f:27:26:27:27":2,"b:28:2:28:Infinity:undefined:undefined:undefined:undefined":3,"s:28:2:28:Infinity":8,"s:28:19:28:Infinity":9,"s:29:15:29:Infinity":10,"b:30:2:30:Infinity:undefined:undefined:undefined:undefined":4,"s:30:2:30:Infinity":11,"s:30:29:30:Infinity":12,"s:31:17:31:Infinity":13,"b:31:53:31:86:31:86:31:Infinity":5,"b:31:53:31:75:31:75:31:86":6,"s:32:2:36:Infinity":14,"s:39:27:48:Infinity":15,"f:39:27:39:28":3,"b:40:2:40:Infinity:undefined:undefined:undefined:undefined":7,"s:40:2:40:Infinity":16,"s:40:20:40:Infinity":17,"s:41:24:41:Infinity":18,"s:42:15:42:Infinity":19,"s:43:17:43:Infinity":20,"b:43:53:43:86:43:86:43:Infinity":8,"b:43:53:43:75:43:75:43:86":9,"s:44:2:47:Infinity":21},"fnNames":{}}},"/app/applet/src/api/apiClient.ts":{"path":"/app/applet/src/api/apiClient.ts","statementMap":{"0":{"start":{"line":4,"column":21},"end":{"line":11,"column":null}},"1":{"start":{"line":5,"column":14},"end":{"line":5,"column":null}},"2":{"start":{"line":6,"column":14},"end":{"line":6,"column":null}},"3":{"start":{"line":7,"column":2},"end":{"line":10,"column":null}},"4":{"start":{"line":13,"column":31},"end":{"line":19,"column":null}},"5":{"start":{"line":14,"column":2},"end":{"line":16,"column":null}},"6":{"start":{"line":15,"column":4},"end":{"line":15,"column":null}},"7":{"start":{"line":17,"column":23},"end":{"line":17,"column":null}},"8":{"start":{"line":18,"column":2},"end":{"line":18,"column":null}},"9":{"start":{"line":23,"column":23},"end":{"line":23,"column":null}},"10":{"start":{"line":24,"column":2},"end":{"line":26,"column":null}},"11":{"start":{"line":25,"column":4},"end":{"line":25,"column":null}},"12":{"start":{"line":28,"column":18},"end":{"line":33,"column":null}},"13":{"start":{"line":35,"column":19},"end":{"line":38,"column":null}},"14":{"start":{"line":40,"column":2},"end":{"line":49,"column":null}},"15":{"start":{"line":41,"column":23},"end":{"line":41,"column":null}},"16":{"start":{"line":42,"column":4},"end":{"line":47,"column":null}},"17":{"start":{"line":43,"column":22},"end":{"line":43,"column":null}},"18":{"start":{"line":44,"column":6},"end":{"line":44,"column":null}},"19":{"start":{"line":48,"column":4},"end":{"line":48,"column":null}},"20":{"start":{"line":51,"column":2},"end":{"line":53,"column":null}},"21":{"start":{"line":52,"column":4},"end":{"line":52,"column":null}},"22":{"start":{"line":55,"column":2},"end":{"line":55,"column":null}},"23":{"start":{"line":60,"column":39},"end":{"line":68,"column":null}},"24":{"start":{"line":61,"column":2},"end":{"line":67,"column":null}},"25":{"start":{"line":62,"column":17},"end":{"line":62,"column":null}},"26":{"start":{"line":63,"column":20},"end":{"line":63,"column":null}},"27":{"start":{"line":64,"column":23},"end":{"line":64,"column":null}},"28":{"start":{"line":65,"column":23},"end":{"line":65,"column":null}},"29":{"start":{"line":66,"column":13},"end":{"line":66,"column":null}},"30":{"start":{"line":70,"column":40},"end":{"line":78,"column":null}},"31":{"start":{"line":71,"column":2},"end":{"line":77,"column":null}},"32":{"start":{"line":72,"column":12},"end":{"line":72,"column":null}},"33":{"start":{"line":73,"column":12},"end":{"line":73,"column":null}},"34":{"start":{"line":74,"column":12},"end":{"line":74,"column":null}},"35":{"start":{"line":75,"column":12},"end":{"line":75,"column":null}},"36":{"start":{"line":76,"column":13},"end":{"line":76,"column":null}},"37":{"start":{"line":80,"column":43},"end":{"line":87,"column":null}},"38":{"start":{"line":81,"column":2},"end":{"line":86,"column":null}},"39":{"start":{"line":82,"column":19},"end":{"line":82,"column":null}},"40":{"start":{"line":83,"column":20},"end":{"line":83,"column":null}},"41":{"start":{"line":84,"column":21},"end":{"line":84,"column":null}},"42":{"start":{"line":85,"column":13},"end":{"line":85,"column":null}},"43":{"start":{"line":89,"column":44},"end":{"line":96,"column":null}},"44":{"start":{"line":90,"column":2},"end":{"line":95,"column":null}},"45":{"start":{"line":91,"column":12},"end":{"line":91,"column":null}},"46":{"start":{"line":92,"column":12},"end":{"line":92,"column":null}},"47":{"start":{"line":93,"column":12},"end":{"line":93,"column":null}},"48":{"start":{"line":94,"column":13},"end":{"line":94,"column":null}},"49":{"start":{"line":98,"column":38},"end":{"line":108,"column":null}},"50":{"start":{"line":99,"column":2},"end":{"line":107,"column":null}},"51":{"start":{"line":100,"column":18},"end":{"line":100,"column":null}},"52":{"start":{"line":101,"column":16},"end":{"line":101,"column":null}},"53":{"start":{"line":102,"column":19},"end":{"line":102,"column":null}},"54":{"start":{"line":103,"column":17},"end":{"line":103,"column":null}},"55":{"start":{"line":104,"column":22},"end":{"line":104,"column":null}},"56":{"start":{"line":105,"column":23},"end":{"line":105,"column":null}},"57":{"start":{"line":106,"column":13},"end":{"line":106,"column":null}},"58":{"start":{"line":110,"column":39},"end":{"line":120,"column":null}},"59":{"start":{"line":111,"column":2},"end":{"line":119,"column":null}},"60":{"start":{"line":112,"column":12},"end":{"line":112,"column":null}},"61":{"start":{"line":113,"column":12},"end":{"line":113,"column":null}},"62":{"start":{"line":114,"column":12},"end":{"line":114,"column":null}},"63":{"start":{"line":115,"column":12},"end":{"line":115,"column":null}},"64":{"start":{"line":116,"column":12},"end":{"line":116,"column":null}},"65":{"start":{"line":117,"column":12},"end":{"line":117,"column":null}},"66":{"start":{"line":118,"column":13},"end":{"line":118,"column":null}},"67":{"start":{"line":122,"column":42},"end":{"line":131,"column":null}},"68":{"start":{"line":123,"column":2},"end":{"line":130,"column":null}},"69":{"start":{"line":124,"column":16},"end":{"line":124,"column":null}},"70":{"start":{"line":125,"column":17},"end":{"line":125,"column":null}},"71":{"start":{"line":126,"column":21},"end":{"line":126,"column":null}},"72":{"start":{"line":127,"column":25},"end":{"line":127,"column":null}},"73":{"start":{"line":128,"column":18},"end":{"line":128,"column":null}},"74":{"start":{"line":129,"column":13},"end":{"line":129,"column":null}},"75":{"start":{"line":133,"column":43},"end":{"line":142,"column":null}},"76":{"start":{"line":134,"column":2},"end":{"line":141,"column":null}},"77":{"start":{"line":135,"column":12},"end":{"line":135,"column":null}},"78":{"start":{"line":136,"column":12},"end":{"line":136,"column":null}},"79":{"start":{"line":137,"column":12},"end":{"line":137,"column":null}},"80":{"start":{"line":138,"column":12},"end":{"line":138,"column":null}},"81":{"start":{"line":139,"column":12},"end":{"line":139,"column":null}},"82":{"start":{"line":140,"column":13},"end":{"line":140,"column":null}},"83":{"start":{"line":144,"column":47},"end":{"line":151,"column":null}},"84":{"start":{"line":145,"column":2},"end":{"line":150,"column":null}},"85":{"start":{"line":146,"column":19},"end":{"line":146,"column":null}},"86":{"start":{"line":147,"column":20},"end":{"line":147,"column":null}},"87":{"start":{"line":148,"column":19},"end":{"line":148,"column":null}},"88":{"start":{"line":149,"column":13},"end":{"line":149,"column":null}},"89":{"start":{"line":153,"column":48},"end":{"line":160,"column":null}},"90":{"start":{"line":154,"column":2},"end":{"line":159,"column":null}},"91":{"start":{"line":155,"column":12},"end":{"line":155,"column":null}},"92":{"start":{"line":156,"column":12},"end":{"line":156,"column":null}},"93":{"start":{"line":157,"column":12},"end":{"line":157,"column":null}},"94":{"start":{"line":158,"column":13},"end":{"line":158,"column":null}},"95":{"start":{"line":164,"column":36},"end":{"line":171,"column":null}},"96":{"start":{"line":164,"column":60},"end":{"line":171,"column":null}},"97":{"start":{"line":173,"column":37},"end":{"line":178,"column":null}},"98":{"start":{"line":173,"column":62},"end":{"line":178,"column":null}},"99":{"start":{"line":180,"column":42},"end":{"line":193,"column":null}},"100":{"start":{"line":180,"column":72},"end":{"line":193,"column":null}},"101":{"start":{"line":195,"column":39},"end":{"line":203,"column":null}},"102":{"start":{"line":195,"column":66},"end":{"line":203,"column":null}},"103":{"start":{"line":205,"column":40},"end":{"line":211,"column":null}},"104":{"start":{"line":205,"column":68},"end":{"line":211,"column":null}},"105":{"start":{"line":213,"column":43},"end":{"line":221,"column":null}},"106":{"start":{"line":213,"column":74},"end":{"line":221,"column":null}}},"fnMap":{"0":{"name":"(anonymous_0)","decl":{"start":{"line":4,"column":21},"end":{"line":4,"column":27}},"loc":{"start":{"line":4,"column":27},"end":{"line":11,"column":null}},"line":4},"1":{"name":"(anonymous_1)","decl":{"start":{"line":13,"column":31},"end":{"line":13,"column":46}},"loc":{"start":{"line":13,"column":46},"end":{"line":19,"column":null}},"line":13},"2":{"name":"apiRequest","decl":{"start":{"line":22,"column":22},"end":{"line":22,"column":36}},"loc":{"start":{"line":22,"column":89},"end":{"line":56,"column":null}},"line":22},"3":{"name":"(anonymous_3)","decl":{"start":{"line":60,"column":39},"end":{"line":60,"column":40}},"loc":{"start":{"line":60,"column":65},"end":{"line":68,"column":null}},"line":60},"4":{"name":"(anonymous_4)","decl":{"start":{"line":70,"column":40},"end":{"line":70,"column":41}},"loc":{"start":{"line":70,"column":69},"end":{"line":78,"column":null}},"line":70},"5":{"name":"(anonymous_5)","decl":{"start":{"line":80,"column":43},"end":{"line":80,"column":44}},"loc":{"start":{"line":80,"column":69},"end":{"line":87,"column":null}},"line":80},"6":{"name":"(anonymous_6)","decl":{"start":{"line":89,"column":44},"end":{"line":89,"column":45}},"loc":{"start":{"line":89,"column":73},"end":{"line":96,"column":null}},"line":89},"7":{"name":"(anonymous_7)","decl":{"start":{"line":98,"column":38},"end":{"line":98,"column":39}},"loc":{"start":{"line":98,"column":62},"end":{"line":108,"column":null}},"line":98},"8":{"name":"(anonymous_8)","decl":{"start":{"line":110,"column":39},"end":{"line":110,"column":40}},"loc":{"start":{"line":110,"column":66},"end":{"line":120,"column":null}},"line":110},"9":{"name":"(anonymous_9)","decl":{"start":{"line":122,"column":42},"end":{"line":122,"column":43}},"loc":{"start":{"line":122,"column":68},"end":{"line":131,"column":null}},"line":122},"10":{"name":"(anonymous_10)","decl":{"start":{"line":133,"column":43},"end":{"line":133,"column":44}},"loc":{"start":{"line":133,"column":72},"end":{"line":142,"column":null}},"line":133},"11":{"name":"(anonymous_11)","decl":{"start":{"line":144,"column":47},"end":{"line":144,"column":48}},"loc":{"start":{"line":144,"column":73},"end":{"line":151,"column":null}},"line":144},"12":{"name":"(anonymous_12)","decl":{"start":{"line":153,"column":48},"end":{"line":153,"column":49}},"loc":{"start":{"line":153,"column":77},"end":{"line":160,"column":null}},"line":153},"13":{"name":"(anonymous_13)","decl":{"start":{"line":164,"column":36},"end":{"line":164,"column":37}},"loc":{"start":{"line":164,"column":60},"end":{"line":171,"column":null}},"line":164},"14":{"name":"(anonymous_14)","decl":{"start":{"line":173,"column":37},"end":{"line":173,"column":38}},"loc":{"start":{"line":173,"column":62},"end":{"line":178,"column":null}},"line":173},"15":{"name":"(anonymous_15)","decl":{"start":{"line":180,"column":42},"end":{"line":180,"column":43}},"loc":{"start":{"line":180,"column":72},"end":{"line":193,"column":null}},"line":180},"16":{"name":"(anonymous_16)","decl":{"start":{"line":195,"column":39},"end":{"line":195,"column":40}},"loc":{"start":{"line":195,"column":66},"end":{"line":203,"column":null}},"line":195},"17":{"name":"(anonymous_17)","decl":{"start":{"line":205,"column":40},"end":{"line":205,"column":41}},"loc":{"start":{"line":205,"column":68},"end":{"line":211,"column":null}},"line":205},"18":{"name":"(anonymous_18)","decl":{"start":{"line":213,"column":43},"end":{"line":213,"column":44}},"loc":{"start":{"line":213,"column":74},"end":{"line":221,"column":null}},"line":213}},"branchMap":{"0":{"loc":{"start":{"line":5,"column":14},"end":{"line":5,"column":null}},"type":"binary-expr","locations":[{"start":{"line":5,"column":14},"end":{"line":5,"column":62}},{"start":{"line":5,"column":62},"end":{"line":5,"column":null}}],"line":5},"1":{"loc":{"start":{"line":6,"column":14},"end":{"line":6,"column":null}},"type":"binary-expr","locations":[{"start":{"line":6,"column":14},"end":{"line":6,"column":63}},{"start":{"line":6,"column":63},"end":{"line":6,"column":null}}],"line":6},"2":{"loc":{"start":{"line":14,"column":2},"end":{"line":16,"column":null}},"type":"if","locations":[{"start":{"line":14,"column":2},"end":{"line":16,"column":null}},{"start":{},"end":{}}],"line":14},"3":{"loc":{"start":{"line":14,"column":6},"end":{"line":14,"column":97}},"type":"binary-expr","locations":[{"start":{"line":14,"column":6},"end":{"line":14,"column":39}},{"start":{"line":14,"column":39},"end":{"line":14,"column":97}}],"line":14},"4":{"loc":{"start":{"line":18,"column":9},"end":{"line":18,"column":null}},"type":"binary-expr","locations":[{"start":{"line":18,"column":9},"end":{"line":18,"column":18}},{"start":{"line":18,"column":18},"end":{"line":18,"column":null}}],"line":18},"5":{"loc":{"start":{"line":22,"column":50},"end":{"line":22,"column":89}},"type":"default-arg","locations":[{"start":{"line":22,"column":73},"end":{"line":22,"column":89}}],"line":22},"6":{"loc":{"start":{"line":24,"column":2},"end":{"line":26,"column":null}},"type":"if","locations":[{"start":{"line":24,"column":2},"end":{"line":26,"column":null}},{"start":{},"end":{}}],"line":24},"7":{"loc":{"start":{"line":24,"column":6},"end":{"line":24,"column":20}},"type":"binary-expr","locations":[{"start":{"line":24,"column":6},"end":{"line":24,"column":14}},{"start":{"line":24,"column":14},"end":{"line":24,"column":20}}],"line":24},"8":{"loc":{"start":{"line":32,"column":8},"end":{"line":32,"column":null}},"type":"binary-expr","locations":[{"start":{"line":32,"column":8},"end":{"line":32,"column":27}},{"start":{"line":32,"column":27},"end":{"line":32,"column":null}}],"line":32},"9":{"loc":{"start":{"line":40,"column":2},"end":{"line":49,"column":null}},"type":"if","locations":[{"start":{"line":40,"column":2},"end":{"line":49,"column":null}},{"start":{},"end":{}}],"line":40},"10":{"loc":{"start":{"line":44,"column":21},"end":{"line":44,"column":null}},"type":"binary-expr","locations":[{"start":{"line":44,"column":21},"end":{"line":44,"column":39}},{"start":{"line":44,"column":39},"end":{"line":44,"column":56}},{"start":{"line":44,"column":56},"end":{"line":44,"column":null}}],"line":44},"11":{"loc":{"start":{"line":51,"column":2},"end":{"line":53,"column":null}},"type":"if","locations":[{"start":{"line":51,"column":2},"end":{"line":53,"column":null}},{"start":{},"end":{}}],"line":51},"12":{"loc":{"start":{"line":61,"column":2},"end":{"line":67,"column":null}},"type":"switch","locations":[{"start":{"line":62,"column":4},"end":{"line":62,"column":null}},{"start":{"line":63,"column":4},"end":{"line":63,"column":null}},{"start":{"line":64,"column":4},"end":{"line":64,"column":null}},{"start":{"line":65,"column":4},"end":{"line":65,"column":null}},{"start":{"line":66,"column":4},"end":{"line":66,"column":null}}],"line":61},"13":{"loc":{"start":{"line":71,"column":2},"end":{"line":77,"column":null}},"type":"switch","locations":[{"start":{"line":72,"column":4},"end":{"line":72,"column":null}},{"start":{"line":73,"column":4},"end":{"line":73,"column":null}},{"start":{"line":74,"column":4},"end":{"line":74,"column":null}},{"start":{"line":75,"column":4},"end":{"line":75,"column":null}},{"start":{"line":76,"column":4},"end":{"line":76,"column":null}}],"line":71},"14":{"loc":{"start":{"line":81,"column":2},"end":{"line":86,"column":null}},"type":"switch","locations":[{"start":{"line":82,"column":4},"end":{"line":82,"column":null}},{"start":{"line":83,"column":4},"end":{"line":83,"column":null}},{"start":{"line":84,"column":4},"end":{"line":84,"column":null}},{"start":{"line":85,"column":4},"end":{"line":85,"column":null}}],"line":81},"15":{"loc":{"start":{"line":90,"column":2},"end":{"line":95,"column":null}},"type":"switch","locations":[{"start":{"line":91,"column":4},"end":{"line":91,"column":null}},{"start":{"line":92,"column":4},"end":{"line":92,"column":null}},{"start":{"line":93,"column":4},"end":{"line":93,"column":null}},{"start":{"line":94,"column":4},"end":{"line":94,"column":null}}],"line":90},"16":{"loc":{"start":{"line":99,"column":2},"end":{"line":107,"column":null}},"type":"switch","locations":[{"start":{"line":100,"column":4},"end":{"line":100,"column":null}},{"start":{"line":101,"column":4},"end":{"line":101,"column":null}},{"start":{"line":102,"column":4},"end":{"line":102,"column":null}},{"start":{"line":103,"column":4},"end":{"line":103,"column":null}},{"start":{"line":104,"column":4},"end":{"line":104,"column":null}},{"start":{"line":105,"column":4},"end":{"line":105,"column":null}},{"start":{"line":106,"column":4},"end":{"line":106,"column":null}}],"line":99},"17":{"loc":{"start":{"line":111,"column":2},"end":{"line":119,"column":null}},"type":"switch","locations":[{"start":{"line":112,"column":4},"end":{"line":112,"column":null}},{"start":{"line":113,"column":4},"end":{"line":113,"column":null}},{"start":{"line":114,"column":4},"end":{"line":114,"column":null}},{"start":{"line":115,"column":4},"end":{"line":115,"column":null}},{"start":{"line":116,"column":4},"end":{"line":116,"column":null}},{"start":{"line":117,"column":4},"end":{"line":117,"column":null}},{"start":{"line":118,"column":4},"end":{"line":118,"column":null}}],"line":111},"18":{"loc":{"start":{"line":123,"column":2},"end":{"line":130,"column":null}},"type":"switch","locations":[{"start":{"line":124,"column":4},"end":{"line":124,"column":null}},{"start":{"line":125,"column":4},"end":{"line":125,"column":null}},{"start":{"line":126,"column":4},"end":{"line":126,"column":null}},{"start":{"line":127,"column":4},"end":{"line":127,"column":null}},{"start":{"line":128,"column":4},"end":{"line":128,"column":null}},{"start":{"line":129,"column":4},"end":{"line":129,"column":null}}],"line":123},"19":{"loc":{"start":{"line":134,"column":2},"end":{"line":141,"column":null}},"type":"switch","locations":[{"start":{"line":135,"column":4},"end":{"line":135,"column":null}},{"start":{"line":136,"column":4},"end":{"line":136,"column":null}},{"start":{"line":137,"column":4},"end":{"line":137,"column":null}},{"start":{"line":138,"column":4},"end":{"line":138,"column":null}},{"start":{"line":139,"column":4},"end":{"line":139,"column":null}},{"start":{"line":140,"column":4},"end":{"line":140,"column":null}}],"line":134},"20":{"loc":{"start":{"line":145,"column":2},"end":{"line":150,"column":null}},"type":"switch","locations":[{"start":{"line":146,"column":4},"end":{"line":146,"column":null}},{"start":{"line":147,"column":4},"end":{"line":147,"column":null}},{"start":{"line":148,"column":4},"end":{"line":148,"column":null}},{"start":{"line":149,"column":4},"end":{"line":149,"column":null}}],"line":145},"21":{"loc":{"start":{"line":154,"column":2},"end":{"line":159,"column":null}},"type":"switch","locations":[{"start":{"line":155,"column":4},"end":{"line":155,"column":null}},{"start":{"line":156,"column":4},"end":{"line":156,"column":null}},{"start":{"line":157,"column":4},"end":{"line":157,"column":null}},{"start":{"line":158,"column":4},"end":{"line":158,"column":null}}],"line":154},"22":{"loc":{"start":{"line":166,"column":8},"end":{"line":166,"column":null}},"type":"binary-expr","locations":[{"start":{"line":166,"column":8},"end":{"line":166,"column":20}},{"start":{"line":166,"column":20},"end":{"line":166,"column":null}}],"line":166},"23":{"loc":{"start":{"line":168,"column":12},"end":{"line":168,"column":null}},"type":"binary-expr","locations":[{"start":{"line":168,"column":12},"end":{"line":168,"column":28}},{"start":{"line":168,"column":28},"end":{"line":168,"column":null}}],"line":168},"24":{"loc":{"start":{"line":169,"column":11},"end":{"line":169,"column":null}},"type":"binary-expr","locations":[{"start":{"line":169,"column":11},"end":{"line":169,"column":33}},{"start":{"line":169,"column":33},"end":{"line":169,"column":55}},{"start":{"line":169,"column":55},"end":{"line":169,"column":null}}],"line":169},"25":{"loc":{"start":{"line":175,"column":8},"end":{"line":175,"column":null}},"type":"binary-expr","locations":[{"start":{"line":175,"column":8},"end":{"line":175,"column":20}},{"start":{"line":175,"column":20},"end":{"line":175,"column":null}}],"line":175},"26":{"loc":{"start":{"line":176,"column":9},"end":{"line":176,"column":null}},"type":"binary-expr","locations":[{"start":{"line":176,"column":9},"end":{"line":176,"column":22}},{"start":{"line":176,"column":22},"end":{"line":176,"column":null}}],"line":176},"27":{"loc":{"start":{"line":177,"column":8},"end":{"line":177,"column":null}},"type":"binary-expr","locations":[{"start":{"line":177,"column":8},"end":{"line":177,"column":20}},{"start":{"line":177,"column":20},"end":{"line":177,"column":null}}],"line":177},"28":{"loc":{"start":{"line":182,"column":10},"end":{"line":182,"column":null}},"type":"binary-expr","locations":[{"start":{"line":182,"column":10},"end":{"line":182,"column":24}},{"start":{"line":182,"column":24},"end":{"line":182,"column":null}}],"line":182},"29":{"loc":{"start":{"line":183,"column":8},"end":{"line":183,"column":null}},"type":"binary-expr","locations":[{"start":{"line":183,"column":8},"end":{"line":183,"column":20}},{"start":{"line":183,"column":20},"end":{"line":183,"column":null}}],"line":183},"30":{"loc":{"start":{"line":185,"column":12},"end":{"line":185,"column":null}},"type":"binary-expr","locations":[{"start":{"line":185,"column":12},"end":{"line":185,"column":28}},{"start":{"line":185,"column":28},"end":{"line":185,"column":null}}],"line":185},"31":{"loc":{"start":{"line":186,"column":11},"end":{"line":186,"column":null}},"type":"binary-expr","locations":[{"start":{"line":186,"column":11},"end":{"line":186,"column":30}},{"start":{"line":186,"column":30},"end":{"line":186,"column":null}}],"line":186},"32":{"loc":{"start":{"line":187,"column":12},"end":{"line":187,"column":null}},"type":"binary-expr","locations":[{"start":{"line":187,"column":12},"end":{"line":187,"column":33}},{"start":{"line":187,"column":33},"end":{"line":187,"column":null}}],"line":187},"33":{"loc":{"start":{"line":188,"column":16},"end":{"line":188,"column":null}},"type":"binary-expr","locations":[{"start":{"line":188,"column":16},"end":{"line":188,"column":35}},{"start":{"line":188,"column":35},"end":{"line":188,"column":null}}],"line":188},"34":{"loc":{"start":{"line":189,"column":15},"end":{"line":189,"column":null}},"type":"binary-expr","locations":[{"start":{"line":189,"column":15},"end":{"line":189,"column":34}},{"start":{"line":189,"column":34},"end":{"line":189,"column":null}}],"line":189},"35":{"loc":{"start":{"line":190,"column":16},"end":{"line":190,"column":null}},"type":"binary-expr","locations":[{"start":{"line":190,"column":16},"end":{"line":190,"column":37}},{"start":{"line":190,"column":37},"end":{"line":190,"column":null}}],"line":190},"36":{"loc":{"start":{"line":191,"column":23},"end":{"line":191,"column":null}},"type":"cond-expr","locations":[{"start":{"line":191,"column":48},"end":{"line":191,"column":95}},{"start":{"line":191,"column":95},"end":{"line":191,"column":null}}],"line":191},"37":{"loc":{"start":{"line":192,"column":18},"end":{"line":192,"column":null}},"type":"binary-expr","locations":[{"start":{"line":192,"column":18},"end":{"line":192,"column":40}},{"start":{"line":192,"column":40},"end":{"line":192,"column":null}}],"line":192},"38":{"loc":{"start":{"line":200,"column":12},"end":{"line":200,"column":null}},"type":"binary-expr","locations":[{"start":{"line":200,"column":12},"end":{"line":200,"column":28}},{"start":{"line":200,"column":28},"end":{"line":200,"column":null}}],"line":200},"39":{"loc":{"start":{"line":201,"column":9},"end":{"line":201,"column":null}},"type":"binary-expr","locations":[{"start":{"line":201,"column":9},"end":{"line":201,"column":26}},{"start":{"line":201,"column":26},"end":{"line":201,"column":null}}],"line":201},"40":{"loc":{"start":{"line":207,"column":8},"end":{"line":207,"column":null}},"type":"binary-expr","locations":[{"start":{"line":207,"column":8},"end":{"line":207,"column":20}},{"start":{"line":207,"column":20},"end":{"line":207,"column":null}}],"line":207},"41":{"loc":{"start":{"line":208,"column":16},"end":{"line":208,"column":null}},"type":"binary-expr","locations":[{"start":{"line":208,"column":16},"end":{"line":208,"column":36}},{"start":{"line":208,"column":36},"end":{"line":208,"column":null}}],"line":208},"42":{"loc":{"start":{"line":209,"column":17},"end":{"line":209,"column":null}},"type":"binary-expr","locations":[{"start":{"line":209,"column":17},"end":{"line":209,"column":38}},{"start":{"line":209,"column":38},"end":{"line":209,"column":null}}],"line":209},"43":{"loc":{"start":{"line":210,"column":14},"end":{"line":210,"column":null}},"type":"binary-expr","locations":[{"start":{"line":210,"column":14},"end":{"line":210,"column":32}},{"start":{"line":210,"column":32},"end":{"line":210,"column":null}}],"line":210},"44":{"loc":{"start":{"line":215,"column":15},"end":{"line":215,"column":null}},"type":"binary-expr","locations":[{"start":{"line":215,"column":15},"end":{"line":215,"column":27}},{"start":{"line":215,"column":27},"end":{"line":215,"column":null}}],"line":215},"45":{"loc":{"start":{"line":216,"column":10},"end":{"line":216,"column":null}},"type":"binary-expr","locations":[{"start":{"line":216,"column":10},"end":{"line":216,"column":24}},{"start":{"line":216,"column":24},"end":{"line":216,"column":null}}],"line":216},"46":{"loc":{"start":{"line":219,"column":15},"end":{"line":219,"column":null}},"type":"binary-expr","locations":[{"start":{"line":219,"column":15},"end":{"line":219,"column":34}},{"start":{"line":219,"column":34},"end":{"line":219,"column":null}}],"line":219}},"s":{"0":1,"1":7,"2":7,"3":7,"4":1,"5":2,"6":0,"7":2,"8":2,"9":5,"10":5,"11":1,"12":4,"13":5,"14":4,"15":2,"16":2,"17":2,"18":1,"19":2,"20":2,"21":1,"22":1,"23":1,"24":6,"25":1,"26":1,"27":1,"28":1,"29":2,"30":1,"31":9,"32":3,"33":2,"34":1,"35":1,"36":2,"37":1,"38":4,"39":1,"40":1,"41":1,"42":1,"43":1,"44":5,"45":1,"46":2,"47":1,"48":1,"49":1,"50":8,"51":1,"52":1,"53":1,"54":1,"55":1,"56":1,"57":2,"58":1,"59":10,"60":2,"61":1,"62":2,"63":1,"64":1,"65":1,"66":2,"67":1,"68":7,"69":1,"70":1,"71":1,"72":1,"73":1,"74":2,"75":1,"76":8,"77":2,"78":1,"79":1,"80":1,"81":1,"82":2,"83":1,"84":5,"85":1,"86":1,"87":1,"88":2,"89":1,"90":6,"91":1,"92":2,"93":1,"94":2,"95":1,"96":3,"97":1,"98":1,"99":1,"100":2,"101":1,"102":1,"103":1,"104":1,"105":1,"106":1},"f":{"0":7,"1":2,"2":5,"3":6,"4":9,"5":4,"6":5,"7":8,"8":10,"9":7,"10":8,"11":5,"12":6,"13":3,"14":1,"15":2,"16":1,"17":1,"18":1},"b":{"0":[7,2],"1":[7,2],"2":[0,2],"3":[2,2],"4":[2,1],"5":[5],"6":[1,4],"7":[5,4],"8":[4,4],"9":[2,2],"10":[1,0,0],"11":[1,1],"12":[1,1,1,1,2],"13":[3,2,1,1,2],"14":[1,1,1,1],"15":[1,2,1,1],"16":[1,1,1,1,1,1,2],"17":[2,1,2,1,1,1,2],"18":[1,1,1,1,1,2],"19":[2,1,1,1,1,2],"20":[1,1,1,2],"21":[1,2,1,2],"22":[3,0],"23":[3,0],"24":[3,2,1],"25":[1,0],"26":[1,0],"27":[1,0],"28":[2,1],"29":[2,1],"30":[2,1],"31":[2,1],"32":[2,1],"33":[2,1],"34":[2,1],"35":[2,1],"36":[1,1],"37":[2,2],"38":[1,0],"39":[1,0],"40":[1,0],"41":[1,0],"42":[1,0],"43":[1,0],"44":[1,0],"45":[1,0],"46":[1,0]},"meta":{"lastBranch":47,"lastFunction":19,"lastStatement":107,"seen":{"s:4:21:11:Infinity":0,"f:4:21:4:27":0,"s:5:14:5:Infinity":1,"b:5:14:5:62:5:62:5:Infinity":0,"s:6:14:6:Infinity":2,"b:6:14:6:63:6:63:6:Infinity":1,"s:7:2:10:Infinity":3,"s:13:31:19:Infinity":4,"f:13:31:13:46":1,"b:14:2:16:Infinity:undefined:undefined:undefined:undefined":2,"s:14:2:16:Infinity":5,"b:14:6:14:39:14:39:14:97":3,"s:15:4:15:Infinity":6,"s:17:23:17:Infinity":7,"s:18:2:18:Infinity":8,"b:18:9:18:18:18:18:18:Infinity":4,"f:22:22:22:36":2,"b:22:73:22:89":5,"s:23:23:23:Infinity":9,"b:24:2:26:Infinity:undefined:undefined:undefined:undefined":6,"s:24:2:26:Infinity":10,"b:24:6:24:14:24:14:24:20":7,"s:25:4:25:Infinity":11,"s:28:18:33:Infinity":12,"b:32:8:32:27:32:27:32:Infinity":8,"s:35:19:38:Infinity":13,"b:40:2:49:Infinity:undefined:undefined:undefined:undefined":9,"s:40:2:49:Infinity":14,"s:41:23:41:Infinity":15,"s:42:4:47:Infinity":16,"s:43:22:43:Infinity":17,"s:44:6:44:Infinity":18,"b:44:21:44:39:44:39:44:56:44:56:44:Infinity":10,"s:48:4:48:Infinity":19,"b:51:2:53:Infinity:undefined:undefined:undefined:undefined":11,"s:51:2:53:Infinity":20,"s:52:4:52:Infinity":21,"s:55:2:55:Infinity":22,"s:60:39:68:Infinity":23,"f:60:39:60:40":3,"b:62:4:62:Infinity:63:4:63:Infinity:64:4:64:Infinity:65:4:65:Infinity:66:4:66:Infinity":12,"s:61:2:67:Infinity":24,"s:62:17:62:Infinity":25,"s:63:20:63:Infinity":26,"s:64:23:64:Infinity":27,"s:65:23:65:Infinity":28,"s:66:13:66:Infinity":29,"s:70:40:78:Infinity":30,"f:70:40:70:41":4,"b:72:4:72:Infinity:73:4:73:Infinity:74:4:74:Infinity:75:4:75:Infinity:76:4:76:Infinity":13,"s:71:2:77:Infinity":31,"s:72:12:72:Infinity":32,"s:73:12:73:Infinity":33,"s:74:12:74:Infinity":34,"s:75:12:75:Infinity":35,"s:76:13:76:Infinity":36,"s:80:43:87:Infinity":37,"f:80:43:80:44":5,"b:82:4:82:Infinity:83:4:83:Infinity:84:4:84:Infinity:85:4:85:Infinity":14,"s:81:2:86:Infinity":38,"s:82:19:82:Infinity":39,"s:83:20:83:Infinity":40,"s:84:21:84:Infinity":41,"s:85:13:85:Infinity":42,"s:89:44:96:Infinity":43,"f:89:44:89:45":6,"b:91:4:91:Infinity:92:4:92:Infinity:93:4:93:Infinity:94:4:94:Infinity":15,"s:90:2:95:Infinity":44,"s:91:12:91:Infinity":45,"s:92:12:92:Infinity":46,"s:93:12:93:Infinity":47,"s:94:13:94:Infinity":48,"s:98:38:108:Infinity":49,"f:98:38:98:39":7,"b:100:4:100:Infinity:101:4:101:Infinity:102:4:102:Infinity:103:4:103:Infinity:104:4:104:Infinity:105:4:105:Infinity:106:4:106:Infinity":16,"s:99:2:107:Infinity":50,"s:100:18:100:Infinity":51,"s:101:16:101:Infinity":52,"s:102:19:102:Infinity":53,"s:103:17:103:Infinity":54,"s:104:22:104:Infinity":55,"s:105:23:105:Infinity":56,"s:106:13:106:Infinity":57,"s:110:39:120:Infinity":58,"f:110:39:110:40":8,"b:112:4:112:Infinity:113:4:113:Infinity:114:4:114:Infinity:115:4:115:Infinity:116:4:116:Infinity:117:4:117:Infinity:118:4:118:Infinity":17,"s:111:2:119:Infinity":59,"s:112:12:112:Infinity":60,"s:113:12:113:Infinity":61,"s:114:12:114:Infinity":62,"s:115:12:115:Infinity":63,"s:116:12:116:Infinity":64,"s:117:12:117:Infinity":65,"s:118:13:118:Infinity":66,"s:122:42:131:Infinity":67,"f:122:42:122:43":9,"b:124:4:124:Infinity:125:4:125:Infinity:126:4:126:Infinity:127:4:127:Infinity:128:4:128:Infinity:129:4:129:Infinity":18,"s:123:2:130:Infinity":68,"s:124:16:124:Infinity":69,"s:125:17:125:Infinity":70,"s:126:21:126:Infinity":71,"s:127:25:127:Infinity":72,"s:128:18:128:Infinity":73,"s:129:13:129:Infinity":74,"s:133:43:142:Infinity":75,"f:133:43:133:44":10,"b:135:4:135:Infinity:136:4:136:Infinity:137:4:137:Infinity:138:4:138:Infinity:139:4:139:Infinity:140:4:140:Infinity":19,"s:134:2:141:Infinity":76,"s:135:12:135:Infinity":77,"s:136:12:136:Infinity":78,"s:137:12:137:Infinity":79,"s:138:12:138:Infinity":80,"s:139:12:139:Infinity":81,"s:140:13:140:Infinity":82,"s:144:47:151:Infinity":83,"f:144:47:144:48":11,"b:146:4:146:Infinity:147:4:147:Infinity:148:4:148:Infinity:149:4:149:Infinity":20,"s:145:2:150:Infinity":84,"s:146:19:146:Infinity":85,"s:147:20:147:Infinity":86,"s:148:19:148:Infinity":87,"s:149:13:149:Infinity":88,"s:153:48:160:Infinity":89,"f:153:48:153:49":12,"b:155:4:155:Infinity:156:4:156:Infinity:157:4:157:Infinity:158:4:158:Infinity":21,"s:154:2:159:Infinity":90,"s:155:12:155:Infinity":91,"s:156:12:156:Infinity":92,"s:157:12:157:Infinity":93,"s:158:13:158:Infinity":94,"s:164:36:171:Infinity":95,"f:164:36:164:37":13,"s:164:60:171:Infinity":96,"b:166:8:166:20:166:20:166:Infinity":22,"b:168:12:168:28:168:28:168:Infinity":23,"b:169:11:169:33:169:33:169:55:169:55:169:Infinity":24,"s:173:37:178:Infinity":97,"f:173:37:173:38":14,"s:173:62:178:Infinity":98,"b:175:8:175:20:175:20:175:Infinity":25,"b:176:9:176:22:176:22:176:Infinity":26,"b:177:8:177:20:177:20:177:Infinity":27,"s:180:42:193:Infinity":99,"f:180:42:180:43":15,"s:180:72:193:Infinity":100,"b:182:10:182:24:182:24:182:Infinity":28,"b:183:8:183:20:183:20:183:Infinity":29,"b:185:12:185:28:185:28:185:Infinity":30,"b:186:11:186:30:186:30:186:Infinity":31,"b:187:12:187:33:187:33:187:Infinity":32,"b:188:16:188:35:188:35:188:Infinity":33,"b:189:15:189:34:189:34:189:Infinity":34,"b:190:16:190:37:190:37:190:Infinity":35,"b:191:48:191:95:191:95:191:Infinity":36,"b:192:18:192:40:192:40:192:Infinity":37,"s:195:39:203:Infinity":101,"f:195:39:195:40":16,"s:195:66:203:Infinity":102,"b:200:12:200:28:200:28:200:Infinity":38,"b:201:9:201:26:201:26:201:Infinity":39,"s:205:40:211:Infinity":103,"f:205:40:205:41":17,"s:205:68:211:Infinity":104,"b:207:8:207:20:207:20:207:Infinity":40,"b:208:16:208:36:208:36:208:Infinity":41,"b:209:17:209:38:209:38:209:Infinity":42,"b:210:14:210:32:210:32:210:Infinity":43,"s:213:43:221:Infinity":105,"f:213:43:213:44":18,"s:213:74:221:Infinity":106,"b:215:15:215:27:215:27:215:Infinity":44,"b:216:10:216:24:216:24:216:Infinity":45,"b:219:15:219:34:219:34:219:Infinity":46},"fnNames":{}}}}}