{"numTotalTestSuites":6,"numPassedTestSuites":6,"numFailedTestSuites":0,"numPendingTestSuites":0,"numTotalTests":12,"numPassedTests":12,"numFailedTests":0,"numPendingTests":0,"numTodoTests":0,"snapshot":{"added":0,"failure":false,"filesAdded":0,"filesRemoved":0,"filesRemovedList":[],"filesUnmatched":0,"filesUpdated":0,"matched":0,"total":0,"unchecked":0,"uncheckedKeysByFile":[],"unmatched":0,"updated":0,"didUpdate":false},"startTime":1784128191774,"success":true,"testResults":[{"assertionResults":[{"ancestorTitles":["Formatting Utilities","formatCurrency"],"fullName":"Formatting Utilities formatCurrency should format EUR correctly","status":"passed","title":"should format EUR correctly","duration":15.644810000000007,"failureMessages":[],"meta":{},"tags":[]},{"ancestorTitles":["Formatting Utilities","formatCurrency"],"fullName":"Formatting Utilities formatCurrency should format USD correctly","status":"passed","title":"should format USD correctly","duration":0.46504399999980706,"failureMessages":[],"meta":{},"tags":[]},{"ancestorTitles":["Formatting Utilities","formatCurrency"],"fullName":"Formatting Utilities formatCurrency should format BRL correctly","status":"passed","title":"should format BRL correctly","duration":0.3014459999999417,"failureMessages":[],"meta":{},"tags":[]},{"ancestorTitles":["Formatting Utilities","formatCurrency"],"fullName":"Formatting Utilities formatCurrency should fallback to en-US for unknown currencies","status":"passed","title":"should fallback to en-US for unknown currencies","duration":0.2249699999999848,"failureMessages":[],"meta":{},"tags":[]},{"ancestorTitles":["Formatting Utilities","formatPercent"],"fullName":"Formatting Utilities formatPercent should add a plus sign for positive values","status":"passed","title":"should add a plus sign for positive values","duration":0.49574200000006385,"failureMessages":[],"meta":{},"tags":[]},{"ancestorTitles":["Formatting Utilities","formatPercent"],"fullName":"Formatting Utilities formatPercent should format negative values correctly without double signs","status":"passed","title":"should format negative values correctly without double signs","duration":0.22058700000002318,"failureMessages":[],"meta":{},"tags":[]},{"ancestorTitles":["Formatting Utilities","formatPercent"],"fullName":"Formatting Utilities formatPercent should handle zero correctly","status":"passed","title":"should handle zero correctly","duration":0.1429800000000796,"failureMessages":[],"meta":{},"tags":[]},{"ancestorTitles":["Formatting Utilities","formatDate"],"fullName":"Formatting Utilities formatDate should return empty string for empty input","status":"passed","title":"should return empty string for empty input","duration":0.2804320000000189,"failureMessages":[],"meta":{},"tags":[]},{"ancestorTitles":["Formatting Utilities","formatDate"],"fullName":"Formatting Utilities formatDate should return original string for invalid date format","status":"passed","title":"should return original string for invalid date format","duration":0.12574100000006183,"failureMessages":[],"meta":{},"tags":[]},{"ancestorTitles":["Formatting Utilities","formatDate"],"fullName":"Formatting Utilities formatDate should format valid dates correctly","status":"passed","title":"should format valid dates correctly","duration":5.1911539999998695,"failureMessages":[],"meta":{},"tags":[]},{"ancestorTitles":["Formatting Utilities","formatMonth"],"fullName":"Formatting Utilities formatMonth should return empty string for empty input","status":"passed","title":"should return empty string for empty input","duration":0.3443649999999252,"failureMessages":[],"meta":{},"tags":[]},{"ancestorTitles":["Formatting Utilities","formatMonth"],"fullName":"Formatting Utilities formatMonth should format month-year string correctly","status":"passed","title":"should format month-year string correctly","duration":0.6231350000000475,"failureMessages":[],"meta":{},"tags":[]}],"startTime":1784128193166,"endTime":1784128193190.623,"status":"passed","message":"","name":"/app/applet/tests/format.test.ts"}],"coverageMap":{"/app/applet/src/utils/format.ts":{"path":"/app/applet/src/utils/format.ts","statementMap":{"0":{"start":{"line":5,"column":30},"end":{"line":20,"column":null}},"1":{"start":{"line":6,"column":44},"end":{"line":10,"column":null}},"2":{"start":{"line":12,"column":17},"end":{"line":12,"column":null}},"3":{"start":{"line":14,"column":2},"end":{"line":19,"column":null}},"4":{"start":{"line":22,"column":29},"end":{"line":25,"column":null}},"5":{"start":{"line":23,"column":15},"end":{"line":23,"column":null}},"6":{"start":{"line":24,"column":2},"end":{"line":24,"column":null}},"7":{"start":{"line":27,"column":26},"end":{"line":36,"column":null}},"8":{"start":{"line":28,"column":2},"end":{"line":28,"column":null}},"9":{"start":{"line":28,"column":19},"end":{"line":28,"column":null}},"10":{"start":{"line":29,"column":15},"end":{"line":29,"column":null}},"11":{"start":{"line":30,"column":2},"end":{"line":30,"column":null}},"12":{"start":{"line":30,"column":29},"end":{"line":30,"column":null}},"13":{"start":{"line":31,"column":2},"end":{"line":35,"column":null}},"14":{"start":{"line":38,"column":27},"end":{"line":46,"column":null}},"15":{"start":{"line":39,"column":2},"end":{"line":39,"column":null}},"16":{"start":{"line":39,"column":20},"end":{"line":39,"column":null}},"17":{"start":{"line":40,"column":24},"end":{"line":40,"column":null}},"18":{"start":{"line":41,"column":15},"end":{"line":41,"column":null}},"19":{"start":{"line":42,"column":2},"end":{"line":45,"column":null}}},"fnMap":{"0":{"name":"(anonymous_0)","decl":{"start":{"line":5,"column":30},"end":{"line":5,"column":31}},"loc":{"start":{"line":5,"column":84},"end":{"line":20,"column":null}},"line":5},"1":{"name":"(anonymous_1)","decl":{"start":{"line":22,"column":29},"end":{"line":22,"column":30}},"loc":{"start":{"line":22,"column":56},"end":{"line":25,"column":null}},"line":22},"2":{"name":"(anonymous_2)","decl":{"start":{"line":27,"column":26},"end":{"line":27,"column":27}},"loc":{"start":{"line":27,"column":58},"end":{"line":36,"column":null}},"line":27},"3":{"name":"(anonymous_3)","decl":{"start":{"line":38,"column":27},"end":{"line":38,"column":28}},"loc":{"start":{"line":38,"column":60},"end":{"line":46,"column":null}},"line":38}},"branchMap":{"0":{"loc":{"start":{"line":5,"column":47},"end":{"line":5,"column":84}},"type":"default-arg","locations":[{"start":{"line":5,"column":66},"end":{"line":5,"column":84}}],"line":5},"1":{"loc":{"start":{"line":12,"column":17},"end":{"line":12,"column":null}},"type":"binary-expr","locations":[{"start":{"line":12,"column":17},"end":{"line":12,"column":54}},{"start":{"line":12,"column":54},"end":{"line":12,"column":null}}],"line":12},"2":{"loc":{"start":{"line":23,"column":15},"end":{"line":23,"column":null}},"type":"cond-expr","locations":[{"start":{"line":23,"column":27},"end":{"line":23,"column":33}},{"start":{"line":23,"column":33},"end":{"line":23,"column":null}}],"line":23},"3":{"loc":{"start":{"line":28,"column":2},"end":{"line":28,"column":null}},"type":"if","locations":[{"start":{"line":28,"column":2},"end":{"line":28,"column":null}},{"start":{},"end":{}}],"line":28},"4":{"loc":{"start":{"line":30,"column":2},"end":{"line":30,"column":null}},"type":"if","locations":[{"start":{"line":30,"column":2},"end":{"line":30,"column":null}},{"start":{},"end":{}}],"line":30},"5":{"loc":{"start":{"line":31,"column":33},"end":{"line":31,"column":64}},"type":"binary-expr","locations":[{"start":{"line":31,"column":33},"end":{"line":31,"column":55}},{"start":{"line":31,"column":55},"end":{"line":31,"column":64}}],"line":31},"6":{"loc":{"start":{"line":39,"column":2},"end":{"line":39,"column":null}},"type":"if","locations":[{"start":{"line":39,"column":2},"end":{"line":39,"column":null}},{"start":{},"end":{}}],"line":39},"7":{"loc":{"start":{"line":42,"column":33},"end":{"line":42,"column":64}},"type":"binary-expr","locations":[{"start":{"line":42,"column":33},"end":{"line":42,"column":55}},{"start":{"line":42,"column":55},"end":{"line":42,"column":64}}],"line":42}},"s":{"0":1,"1":4,"2":4,"3":4,"4":1,"5":4,"6":4,"7":1,"8":3,"9":1,"10":2,"11":2,"12":1,"13":1,"14":1,"15":2,"16":1,"17":1,"18":1,"19":1},"f":{"0":4,"1":4,"2":3,"3":2},"b":{"0":[4],"1":[4,1],"2":[2,2],"3":[1,2],"4":[1,1],"5":[1,0],"6":[1,1],"7":[1,0]},"meta":{"lastBranch":8,"lastFunction":4,"lastStatement":20,"seen":{"s:5:30:20:Infinity":0,"f:5:30:5:31":0,"b:5:66:5:84":0,"s:6:44:10:Infinity":1,"s:12:17:12:Infinity":2,"b:12:17:12:54:12:54:12:Infinity":1,"s:14:2:19:Infinity":3,"s:22:29:25:Infinity":4,"f:22:29:22:30":1,"s:23:15:23:Infinity":5,"b:23:27:23:33:23:33:23:Infinity":2,"s:24:2:24:Infinity":6,"s:27:26:36:Infinity":7,"f:27:26:27:27":2,"b:28:2:28:Infinity:undefined:undefined:undefined:undefined":3,"s:28:2:28:Infinity":8,"s:28:19:28:Infinity":9,"s:29:15:29:Infinity":10,"b:30:2:30:Infinity:undefined:undefined:undefined:undefined":4,"s:30:2:30:Infinity":11,"s:30:29:30:Infinity":12,"s:31:2:35:Infinity":13,"b:31:33:31:55:31:55:31:64":5,"s:38:27:46:Infinity":14,"f:38:27:38:28":3,"b:39:2:39:Infinity:undefined:undefined:undefined:undefined":6,"s:39:2:39:Infinity":15,"s:39:20:39:Infinity":16,"s:40:24:40:Infinity":17,"s:41:15:41:Infinity":18,"s:42:2:45:Infinity":19,"b:42:33:42:55:42:55:42:64":7},"fnNames":{}}}}}